<?xml version="1.0" encoding="UTF-8"?>
<testng-results skipped="0" failed="0" ignored="0" total="1" passed="1">
  <reporter-output>
  </reporter-output>
  <suite name="Default suite" duration-ms="28" started-at="2019-06-21T06:27:45Z" finished-at="2019-06-21T06:27:45Z">
    <groups>
    </groups>
    <test name="Default test" duration-ms="28" started-at="2019-06-21T06:27:45Z" finished-at="2019-06-21T06:27:45Z">
      <class name="XlsxReading">
        <test-method status="PASS" signature="sysMethod()[pri:0, instance:XlsxReading@48eff760]" name="sysMethod" duration-ms="9" started-at="2019-06-21T06:27:45Z" finished-at="2019-06-21T06:27:45Z">
          <reporter-output>
          </reporter-output>
        </test-method> <!-- sysMethod -->
      </class> <!-- XlsxReading -->
    </test> <!-- Default test -->
  </suite> <!-- Default suite -->
</testng-results>
